<?xml version="1.0" encoding="UTF-8"?>
<testsuite xmlns:xsi="http://www.w3.org/2001/XMLSchema-instance" xsi:noNamespaceSchemaLocation="https://maven.apache.org/surefire/maven-surefire-plugin/xsd/surefire-test-report-3.0.xsd" version="3.0" name="NumFormatTranslatorTest" time="0.718" tests="5" errors="0" skipped="0" failures="0">
  <properties>
[...]
</properties>
  <testcase name="invalidDataBigString" classname="NumFormatTranslatorTest" time="0.375"/>
  <testcase name="same" classname="NumFormatTranslatorTest" time="0.015"/>
  <testcase name="invalidDataSmallString" classname="NumFormatTranslatorTest" time="0"/>
  <testcase name="checkIfNull" classname="NumFormatTranslatorTest" time="0.015"/>
  <testcase name="checkIfEmpty" classname="NumFormatTranslatorTest" time="0.016"/>
</testsuite>